-- Found ament_cmake: 0.9.12 (/opt/ros/foxy/share/ament_cmake/cmake)
-- Using PYTHON_EXECUTABLE: /usr/bin/python3
-- Found builtin_interfaces: 1.0.0 (/opt/ros/foxy/share/builtin_interfaces/cmake)
-- Using all available rosidl_typesupport_c: rosidl_typesupport_fastrtps_c;rosidl_typesupport_introspection_c
-- Found rosidl_adapter: 1.3.1 (/opt/ros/foxy/share/rosidl_adapter/cmake)
-- Using all available rosidl_typesupport_cpp: rosidl_typesupport_fastrtps_cpp;rosidl_typesupport_introspection_cpp
-- Found eigen3_cmake_module: 0.1.1 (/opt/ros/foxy/share/eigen3_cmake_module/cmake)
-- Found geometry_msgs: 2.0.5 (/opt/ros/foxy/share/geometry_msgs/cmake)
-- Found px4_msgs: 2.0.1 (/home/xingxunliu/ws_sensor_combined/install/px4_msgs/share/px4_msgs/cmake)
-- Found rclcpp: 2.4.3 (/opt/ros/foxy/share/rclcpp/cmake)
-- Found rmw_implementation_cmake: 1.0.4 (/opt/ros/foxy/share/rmw_implementation_cmake/cmake)
-- Using RMW implementation 'rmw_fastrtps_cpp' as default
-- Found sensor_msgs: 2.0.5 (/opt/ros/foxy/share/sensor_msgs/cmake)
-- Found ament_lint_auto: 0.9.8 (/opt/ros/foxy/share/ament_lint_auto/cmake)
-- Added test 'copyright' to check source files copyright and LICENSE
-- Added test 'cppcheck' to perform static code analysis on C / C++ code
-- Configured cppcheck include dirs: /home/xingxunliu/ws_sensor_combined/src/px4_ros_com/include;$<BUILD_INTERFACE:/home/xingxunliu/ws_sensor_combined/src/px4_ros_com/include/px4_ros_com>
-- Configured cppcheck exclude dirs and/or files: 
-- Added test 'cpplint' to check C / C++ code against the Google style
-- Configured cpplint exclude dirs and/or files: 
-- Added test 'flake8' to check Python code syntax and style conventions
-- Added test 'lint_cmake' to check CMake code style
-- Added test 'pep257' to check Python code against some of the style conventions in PEP 257
-- Added test 'uncrustify' to check C / C++ code style
-- Configured uncrustify additional arguments: 
-- Added test 'xmllint' to check XML markup files
-- Configuring done
-- Generating done
-- Build files have been written to: /home/xingxunliu/ws_sensor_combined/build/px4_ros_com
[35m[1mScanning dependencies of target uva4_takeoff[0m
[35m[1mScanning dependencies of target uva3_takeoff[0m
[35m[1mScanning dependencies of target uva2_takeoff[0m
[35m[1mScanning dependencies of target uva1_takeoff[0m
[35m[1mScanning dependencies of target offboard_control[0m
[ 10%] [32mBuilding CXX object CMakeFiles/uva2_takeoff.dir/src/examples/offboard/uva2_takeoff.cpp.o[0m
[ 10%] [32mBuilding CXX object CMakeFiles/uva4_takeoff.dir/src/examples/offboard/uva4_takeoff.cpp.o[0m
[ 15%] [32mBuilding CXX object CMakeFiles/uva3_takeoff.dir/src/examples/offboard/uva3_takeoff.cpp.o[0m
[ 25%] Built target frame_transforms
[ 45%] Built target sensor_combined_listener
[ 45%] Built target debug_vect_advertiser
[ 55%] Built target offboard_con
[ 65%] Built target vehicle_gps_position_listener
[ 70%] [32m[1mLinking CXX executable uva2_takeoff[0m
[ 75%] [32m[1mLinking CXX executable uva4_takeoff[0m
[ 80%] [32m[1mLinking CXX executable uva3_takeoff[0m
[ 85%] [32mBuilding CXX object CMakeFiles/offboard_control.dir/src/examples/offboard/offboard_control.cpp.o[0m
[ 90%] [32mBuilding CXX object CMakeFiles/uva1_takeoff.dir/src/examples/offboard/uva1_takeoff.cpp.o[0m
/usr/bin/ld: /usr/lib/gcc/x86_64-linux-gnu/9/../../../x86_64-linux-gnu/Scrt1.o: in function `_start':
(.text+0x24): undefined reference to `main'
collect2: error: ld returned 1 exit status
/usr/bin/ld: /usr/lib/gcc/x86_64-linux-gnu/9/../../../x86_64-linux-gnu/Scrt1.o: in function `_start':
(.text+0x24): undefined reference to `main'
collect2: error: ld returned 1 exit status
make[2]: *** [CMakeFiles/uva2_takeoff.dir/build.make:136ï¼šuva2_takeoff] é”™è¯¯ 1
make[1]: *** [CMakeFiles/Makefile2:312ï¼šCMakeFiles/uva2_takeoff.dir/all] é”™è¯¯ 2
make[1]: *** æ­£åœ¨ç­‰å¾…æœªå®Œæˆçš„ä»»åŠ¡....
make[2]: *** [CMakeFiles/uva3_takeoff.dir/build.make:136ï¼šuva3_takeoff] é”™è¯¯ 1
make[1]: *** [CMakeFiles/Makefile2:96ï¼šCMakeFiles/uva3_takeoff.dir/all] é”™è¯¯ 2
/usr/bin/ld: /usr/lib/gcc/x86_64-linux-gnu/9/../../../x86_64-linux-gnu/Scrt1.o: in function `_start':
(.text+0x24): undefined reference to `main'
collect2: error: ld returned 1 exit status
make[2]: *** [CMakeFiles/uva4_takeoff.dir/build.make:136ï¼šuva4_takeoff] é”™è¯¯ 1
make[1]: *** [CMakeFiles/Makefile2:123ï¼šCMakeFiles/uva4_takeoff.dir/all] é”™è¯¯ 2
[ 95%] [32m[1mLinking CXX executable uva1_takeoff[0m
[100%] [32m[1mLinking CXX executable offboard_control[0m
[100%] Built target uva1_takeoff
[100%] Built target offboard_control
make: *** [Makefile:141ï¼šall] é”™è¯¯ 2
