[0.022s] Invoking command in '/home/xingxunliu/ws_sensor_combined/build/px4_ros_com': AMENT_PREFIX_PATH=/home/xingxunliu/ws_sensor_combined/install/px4_msgs:${AMENT_PREFIX_PATH} CMAKE_PREFIX_PATH=/home/xingxunliu/ws_sensor_combined/install/px4_msgs:/opt/ros/foxy LD_LIBRARY_PATH=/home/xingxunliu/ws_sensor_combined/install/px4_msgs/lib:${LD_LIBRARY_PATH} PYTHONPATH=/home/xingxunliu/ws_sensor_combined/install/px4_msgs/lib/python3.8/site-packages:${PYTHONPATH} /usr/bin/cmake --build /home/xingxunliu/ws_sensor_combined/build/px4_ros_com -- -j16 -l16
[0.100s] [35m[1mScanning dependencies of target offboard_test[0m
[0.107s] make[2]: *** 没有规则可制作目标“/home/xingxunliu/ws_sensor_combined/src/px4_ros_com/src/examples/offboard/offboard_test.cpp”，由“CMakeFiles/offboard_test.dir/src/examples/offboard/offboard_test.cpp.o” 需求。 停止。
[0.107s] make[1]: *** [CMakeFiles/Makefile2:277：CMakeFiles/offboard_test.dir/all] 错误 2
[0.107s] make[1]: *** 正在等待未完成的任务....
[0.119s] [ 16%] Built target sensor_combined_listener
[0.123s] [ 33%] Built target offboard_control
[0.124s] [ 50%] Built target frame_transforms
[0.128s] [ 66%] Built target debug_vect_advertiser
[0.131s] [ 83%] Built target vehicle_gps_position_listener
[0.133s] make: *** [Makefile:141：all] 错误 2
[0.135s] Invoked command in '/home/xingxunliu/ws_sensor_combined/build/px4_ros_com' returned '2': AMENT_PREFIX_PATH=/home/xingxunliu/ws_sensor_combined/install/px4_msgs:${AMENT_PREFIX_PATH} CMAKE_PREFIX_PATH=/home/xingxunliu/ws_sensor_combined/install/px4_msgs:/opt/ros/foxy LD_LIBRARY_PATH=/home/xingxunliu/ws_sensor_combined/install/px4_msgs/lib:${LD_LIBRARY_PATH} PYTHONPATH=/home/xingxunliu/ws_sensor_combined/install/px4_msgs/lib/python3.8/site-packages:${PYTHONPATH} /usr/bin/cmake --build /home/xingxunliu/ws_sensor_combined/build/px4_ros_com -- -j16 -l16
