[0.054s] Invoking command in '/home/xingxunliu/ws_sensor_combined/build/px4_ros_com': CMAKE_PREFIX_PATH=/home/xingxunliu/ws_sensor_combined/install/uav_interfaces:/home/xingxunliu/ws_sensor_combined/install/px4_msgs:/home/xingxunliu/ws_sensor_combined/install/px4_ros_com:/home/xingxunliu/ws_sensor_combined/install/suanfa:/opt/ros/foxy LD_LIBRARY_PATH=/home/xingxunliu/ws_sensor_combined/install/uav_interfaces/lib:/home/xingxunliu/ws_sensor_combined/install/px4_msgs/lib:/home/xingxunliu/ws_sensor_combined/install/px4_ros_com/lib:/opt/ros/foxy/opt/yaml_cpp_vendor/lib:/opt/ros/foxy/opt/rviz_ogre_vendor/lib:/opt/ros/foxy/lib/x86_64-linux-gnu:/opt/ros/foxy/lib PYTHONPATH=/home/xingxunliu/ws_sensor_combined/install/uav_interfaces/lib/python3.8/site-packages:/home/xingxunliu/ws_sensor_combined/install/px4_msgs/lib/python3.8/site-packages:/home/xingxunliu/ws_sensor_combined/install/suanfa/lib/python3.8/site-packages:/opt/ros/foxy/lib/python3.8/site-packages /usr/bin/cmake --build /home/xingxunliu/ws_sensor_combined/build/px4_ros_com -- -j16 -l16
[0.136s] [35m[1mScanning dependencies of target tcp[0m
[0.168s] [ 16%] Built target vehicle_gps_position_listener
[0.168s] [ 16%] Built target uva4_takeoff
[0.168s] [ 33%] Built target frame_transforms
[0.169s] [ 33%] Built target offboard_control
[0.170s] [ 50%] Built target uva3_takeoff
[0.170s] [ 50%] Built target uva1_takeoff
[0.171s] [ 66%] Built target simpleMission
[0.171s] [ 66%] Built target debug_vect_advertiser
[0.173s] [ 75%] Built target sensor_combined_listener
[0.173s] [ 83%] Built target uva2_takeoff
[0.178s] [ 91%] Built target offboard_con
[0.197s] [ 95%] [32mBuilding CXX object CMakeFiles/tcp.dir/src/examples/offboard/tcp.cpp.o[0m
[1.778s] [01m[K/home/xingxunliu/ws_sensor_combined/src/px4_ros_com/src/examples/offboard/tcp.cpp:[m[K In constructor â€˜[01m[KUser::User()[m[Kâ€™:
[1.778s] [01m[K/home/xingxunliu/ws_sensor_combined/src/px4_ros_com/src/examples/offboard/tcp.cpp:162:128:[m[K [01;31m[Kerror: [m[Kâ€˜[01m[Kqos[m[Kâ€™ was not declared in this scope; did you mean â€˜[01m[Kcos[m[Kâ€™?
[1.778s]   162 |     position_subscription1_ = this->create_subscription<px4_msgs::msg::VehicleLocalPosition>("/fmu/out/vehicle_local_position",[01;31m[Kqos[m[K,
[1.778s]       |                                                                                                                                [01;31m[K^~~[m[K
[1.778s]       |                                                                                                                                [32m[Kcos[m[K
[6.028s] make[2]: *** [CMakeFiles/tcp.dir/build.make:63ï¼šCMakeFiles/tcp.dir/src/examples/offboard/tcp.cpp.o] é”™è¯¯ 1
[6.028s] make[1]: *** [CMakeFiles/Makefile2:451ï¼šCMakeFiles/tcp.dir/all] é”™è¯¯ 2
[6.029s] make: *** [Makefile:141ï¼šall] é”™è¯¯ 2
[6.032s] Invoked command in '/home/xingxunliu/ws_sensor_combined/build/px4_ros_com' returned '2': CMAKE_PREFIX_PATH=/home/xingxunliu/ws_sensor_combined/install/uav_interfaces:/home/xingxunliu/ws_sensor_combined/install/px4_msgs:/home/xingxunliu/ws_sensor_combined/install/px4_ros_com:/home/xingxunliu/ws_sensor_combined/install/suanfa:/opt/ros/foxy LD_LIBRARY_PATH=/home/xingxunliu/ws_sensor_combined/install/uav_interfaces/lib:/home/xingxunliu/ws_sensor_combined/install/px4_msgs/lib:/home/xingxunliu/ws_sensor_combined/install/px4_ros_com/lib:/opt/ros/foxy/opt/yaml_cpp_vendor/lib:/opt/ros/foxy/opt/rviz_ogre_vendor/lib:/opt/ros/foxy/lib/x86_64-linux-gnu:/opt/ros/foxy/lib PYTHONPATH=/home/xingxunliu/ws_sensor_combined/install/uav_interfaces/lib/python3.8/site-packages:/home/xingxunliu/ws_sensor_combined/install/px4_msgs/lib/python3.8/site-packages:/home/xingxunliu/ws_sensor_combined/install/suanfa/lib/python3.8/site-packages:/opt/ros/foxy/lib/python3.8/site-packages /usr/bin/cmake --build /home/xingxunliu/ws_sensor_combined/build/px4_ros_com -- -j16 -l16
