[01m[K/home/xingxunliu/ws_sensor_combined/src/px4_ros_com/src/examples/offboard/offboard_test.cpp:260:38:[m[K [01;31m[Kerror: [m[Kâ€˜[01m[KTimesync[m[Kâ€™ is not a member of â€˜[01m[Kpx4_msgs::msg[m[Kâ€™
  260 |  rclcpp::Subscription<px4_msgs::msg::[01;31m[KTimesync[m[K>::SharedPtr timesync_sub_;
      |                                      [01;31m[K^~~~~~~~[m[K
[01m[K/home/xingxunliu/ws_sensor_combined/src/px4_ros_com/src/examples/offboard/offboard_test.cpp:260:38:[m[K [01;31m[Kerror: [m[Kâ€˜[01m[KTimesync[m[Kâ€™ is not a member of â€˜[01m[Kpx4_msgs::msg[m[Kâ€™
[01m[K/home/xingxunliu/ws_sensor_combined/src/px4_ros_com/src/examples/offboard/offboard_test.cpp:260:46:[m[K [01;31m[Kerror: [m[Ktemplate argument 1 is invalid
  260 |  rclcpp::Subscription<px4_msgs::msg::Timesync[01;31m[K>[m[K::SharedPtr timesync_sub_;
      |                                              [01;31m[K^[m[K
[01m[K/home/xingxunliu/ws_sensor_combined/src/px4_ros_com/src/examples/offboard/offboard_test.cpp:260:46:[m[K [01;31m[Kerror: [m[Ktemplate argument 3 is invalid
[01m[K/home/xingxunliu/ws_sensor_combined/src/px4_ros_com/src/examples/offboard/offboard_test.cpp:260:49:[m[K [01;31m[Kerror: [m[Kexpected â€˜[01m[K;[m[Kâ€™ at end of member declaration
  260 | clcpp::Subscription<px4_msgs::msg::Timesync>::[01;31m[KSharedPtr[m[K timesync_sub_;
      |                                               [01;31m[K^~~~~~~~~[m[K
      |                                                        [32m[K;[m[K
[01m[K/home/xingxunliu/ws_sensor_combined/src/px4_ros_com/src/examples/offboard/offboard_test.cpp:260:59:[m[K [01;31m[Kerror: [m[Kâ€˜[01m[Ktimesync_sub_[m[Kâ€™ does not name a type
  260 | :Subscription<px4_msgs::msg::Timesync>::SharedPtr [01;31m[Ktimesync_sub_[m[K;
      |                                                   [01;31m[K^~~~~~~~~~~~~[m[K

[01m[K/home/xingxunliu/ws_sensor_combined/src/px4_ros_com/src/examples/offboard/offboard_test.cpp:[m[K In constructor â€˜[01m[KOffboardControl::OffboardControl()[m[Kâ€™:
[01m[K/home/xingxunliu/ws_sensor_combined/src/px4_ros_com/src/examples/offboard/offboard_test.cpp:119:91:[m[K [01;31m[Kerror: [m[Kno matching function for call to â€˜[01m[KOffboardControl::create_publisher<px4_msgs::msg::OffboardControlMode>(const char [42])[m[Kâ€™
  119 | e>("uav1_control/fmu/offboard_control_mode/in"[01;31m[K)[m[K;
      |                                               [01;31m[K^[m[K

In file included from [01m[K/opt/ros/foxy/include/rclcpp/executors/single_threaded_executor.hpp:28[m[K,
                 from [01m[K/opt/ros/foxy/include/rclcpp/executors.hpp:22[m[K,
                 from [01m[K/opt/ros/foxy/include/rclcpp/rclcpp.hpp:146[m[K,
                 from [01m[K/home/xingxunliu/ws_sensor_combined/src/px4_ros_com/src/examples/offboard/offboard_test.cpp:61[m[K:
[01m[K/opt/ros/foxy/include/rclcpp/node.hpp:184:3:[m[K [01;36m[Knote: [m[Kcandidate: â€˜[01m[Ktemplate<class MessageT, class AllocatorT, class PublisherT> std::shared_ptr<PublisherT> rclcpp::Node::create_publisher(const string&, const rclcpp::QoS&, const rclcpp::PublisherOptionsWithAllocator<AllocatorT>&)[m[Kâ€™
  184 |   [01;36m[Kcreate_publisher[m[K(
      |   [01;36m[K^~~~~~~~~~~~~~~~[m[K
[01m[K/opt/ros/foxy/include/rclcpp/node.hpp:184:3:[m[K [01;36m[Knote: [m[K  template argument deduction/substitution failed:
[01m[K/home/xingxunliu/ws_sensor_combined/src/px4_ros_com/src/examples/offboard/offboard_test.cpp:119:91:[m[K [01;36m[Knote: [m[K  candidate expects 3 arguments, 1 provided
  119 | e>("uav1_control/fmu/offboard_control_mode/in"[01;36m[K)[m[K;
      |                                               [01;36m[K^[m[K

[01m[K/home/xingxunliu/ws_sensor_combined/src/px4_ros_com/src/examples/offboard/offboard_test.cpp:121:88:[m[K [01;31m[Kerror: [m[Kno matching function for call to â€˜[01m[KOffboardControl::create_publisher<px4_msgs::msg::TrajectorySetpoint>(const char [40])[m[Kâ€™
  121 | int>("uav1_control/fmu/trajectory_setpoint/in"[01;31m[K)[m[K;
      |                                               [01;31m[K^[m[K

In file included from [01m[K/opt/ros/foxy/include/rclcpp/executors/single_threaded_executor.hpp:28[m[K,
                 from [01m[K/opt/ros/foxy/include/rclcpp/executors.hpp:22[m[K,
                 from [01m[K/opt/ros/foxy/include/rclcpp/rclcpp.hpp:146[m[K,
                 from [01m[K/home/xingxunliu/ws_sensor_combined/src/px4_ros_com/src/examples/offboard/offboard_test.cpp:61[m[K:
[01m[K/opt/ros/foxy/include/rclcpp/node.hpp:184:3:[m[K [01;36m[Knote: [m[Kcandidate: â€˜[01m[Ktemplate<class MessageT, class AllocatorT, class PublisherT> std::shared_ptr<PublisherT> rclcpp::Node::create_publisher(const string&, const rclcpp::QoS&, const rclcpp::PublisherOptionsWithAllocator<AllocatorT>&)[m[Kâ€™
  184 |   [01;36m[Kcreate_publisher[m[K(
      |   [01;36m[K^~~~~~~~~~~~~~~~[m[K
[01m[K/opt/ros/foxy/include/rclcpp/node.hpp:184:3:[m[K [01;36m[Knote: [m[K  template argument deduction/substitution failed:
[01m[K/home/xingxunliu/ws_sensor_combined/src/px4_ros_com/src/examples/offboard/offboard_test.cpp:121:88:[m[K [01;36m[Knote: [m[K  candidate expects 3 arguments, 1 provided
  121 | int>("uav1_control/fmu/trajectory_setpoint/in"[01;36m[K)[m[K;
      |                                               [01;36m[K^[m[K

[01m[K/home/xingxunliu/ws_sensor_combined/src/px4_ros_com/src/examples/offboard/offboard_test.cpp:123:80:[m[K [01;31m[Kerror: [m[Kno matching function for call to â€˜[01m[KOffboardControl::create_publisher<px4_msgs::msg::VehicleCommand>(const char [36])[m[Kâ€™
  123 | Command>("uav1_control/fmu/vehicle_command/in"[01;31m[K)[m[K;
      |                                               [01;31m[K^[m[K

In file included from [01m[K/opt/ros/foxy/include/rclcpp/executors/single_threaded_executor.hpp:28[m[K,
                 from [01m[K/opt/ros/foxy/include/rclcpp/executors.hpp:22[m[K,
                 from [01m[K/opt/ros/foxy/include/rclcpp/rclcpp.hpp:146[m[K,
                 from [01m[K/home/xingxunliu/ws_sensor_combined/src/px4_ros_com/src/examples/offboard/offboard_test.cpp:61[m[K:
[01m[K/opt/ros/foxy/include/rclcpp/node.hpp:184:3:[m[K [01;36m[Knote: [m[Kcandidate: â€˜[01m[Ktemplate<class MessageT, class AllocatorT, class PublisherT> std::shared_ptr<PublisherT> rclcpp::Node::create_publisher(const string&, const rclcpp::QoS&, const rclcpp::PublisherOptionsWithAllocator<AllocatorT>&)[m[Kâ€™
  184 |   [01;36m[Kcreate_publisher[m[K(
      |   [01;36m[K^~~~~~~~~~~~~~~~[m[K
[01m[K/opt/ros/foxy/include/rclcpp/node.hpp:184:3:[m[K [01;36m[Knote: [m[K  template argument deduction/substitution failed:
[01m[K/home/xingxunliu/ws_sensor_combined/src/px4_ros_com/src/examples/offboard/offboard_test.cpp:123:80:[m[K [01;36m[Knote: [m[K  candidate expects 3 arguments, 1 provided
  123 | Command>("uav1_control/fmu/vehicle_command/in"[01;36m[K)[m[K;
      |                                               [01;36m[K^[m[K

[01m[K/home/xingxunliu/ws_sensor_combined/src/px4_ros_com/src/examples/offboard/offboard_test.cpp:128:3:[m[K [01;31m[Kerror: [m[Kâ€˜[01m[Ktimesync_sub_[m[Kâ€™ was not declared in this scope
  128 |   [01;31m[Ktimesync_sub_[m[K =
      |   [01;31m[K^~~~~~~~~~~~~[m[K
[01m[K/home/xingxunliu/ws_sensor_combined/src/px4_ros_com/src/examples/offboard/offboard_test.cpp:129:45:[m[K [01;31m[Kerror: [m[Kâ€˜[01m[KTimesync[m[Kâ€™ is not a member of â€˜[01m[Kpx4_msgs::msg[m[Kâ€™
  129 |    this->create_subscription<px4_msgs::msg::[01;31m[KTimesync[m[K>("uav1_control/fmu/timesync/out", 10,
      |                                             [01;31m[K^~~~~~~~[m[K
[01m[K/home/xingxunliu/ws_sensor_combined/src/px4_ros_com/src/examples/offboard/offboard_test.cpp:129:45:[m[K [01;31m[Kerror: [m[Kâ€˜[01m[KTimesync[m[Kâ€™ is not a member of â€˜[01m[Kpx4_msgs::msg[m[Kâ€™
[01m[K/home/xingxunliu/ws_sensor_combined/src/px4_ros_com/src/examples/offboard/offboard_test.cpp:130:33:[m[K [01;31m[Kerror: [m[Kâ€˜[01m[KTimesync[m[Kâ€™ in namespace â€˜[01m[Kpx4_msgs::msg[m[Kâ€™ does not name a type
  130 |     [this](const px4_msgs::msg::[01;31m[KTimesync[m[K::UniquePtr msg) {
      |                                 [01;31m[K^~~~~~~~[m[K
[01m[K/home/xingxunliu/ws_sensor_combined/src/px4_ros_com/src/examples/offboard/offboard_test.cpp:[m[K In lambda function:
[01m[K/home/xingxunliu/ws_sensor_combined/src/px4_ros_com/src/examples/offboard/offboard_test.cpp:132:7:[m[K [01;31m[Kerror: [m[Kexpected â€˜[01m[K{[m[Kâ€™ before â€˜[01m[K;[m[Kâ€™ token
  132 |     })[01;31m[K;[m[K
      |       [01;31m[K^[m[K
[01m[K/home/xingxunliu/ws_sensor_combined/src/px4_ros_com/src/examples/offboard/offboard_test.cpp:[m[K In constructor â€˜[01m[KOffboardControl::OffboardControl()[m[Kâ€™:
[01m[K/home/xingxunliu/ws_sensor_combined/src/px4_ros_com/src/examples/offboard/offboard_test.cpp:132:7:[m[K [01;31m[Kerror: [m[Kexpected â€˜[01m[K)[m[Kâ€™ before â€˜[01m[K;[m[Kâ€™ token
  132 |     })[01;31m[K;[m[K
      |       [01;31m[K^[m[K
      |       [32m[K)[m[K
[01m[K/home/xingxunliu/ws_sensor_combined/src/px4_ros_com/src/examples/offboard/offboard_test.cpp:129:54:[m[K [01;36m[Knote: [m[Kto match this â€˜[01m[K([m[Kâ€™
  129 | ->create_subscription<px4_msgs::msg::Timesync>[01;36m[K([m[K"uav1_control/fmu/timesync/out", 10,
      |                                               [01;36m[K^[m[K

[01m[K/home/xingxunliu/ws_sensor_combined/src/px4_ros_com/src/examples/offboard/offboard_test.cpp:[m[K In member function â€˜[01m[Kvoid OffboardControl::publish_trajectory_setpoint(float, float, float) const[m[Kâ€™:
[01m[K/home/xingxunliu/ws_sensor_combined/src/px4_ros_com/src/examples/offboard/offboard_test.cpp:336:6:[m[K [01;31m[Kerror: [m[Kâ€˜[01m[Kusing TrajectorySetpoint = struct px4_msgs::msg::TrajectorySetpoint_<std::allocator<void> >[m[Kâ€™ {aka â€˜[01m[Kstruct px4_msgs::msg::TrajectorySetpoint_<std::allocator<void> >[m[Kâ€™} has no member named â€˜[01m[Kx[m[Kâ€™
  336 |  msg.[01;31m[Kx[m[K = -x + x_init_corrdinate;
      |      [01;31m[K^[m[K
[01m[K/home/xingxunliu/ws_sensor_combined/src/px4_ros_com/src/examples/offboard/offboard_test.cpp:337:6:[m[K [01;31m[Kerror: [m[Kâ€˜[01m[Kusing TrajectorySetpoint = struct px4_msgs::msg::TrajectorySetpoint_<std::allocator<void> >[m[Kâ€™ {aka â€˜[01m[Kstruct px4_msgs::msg::TrajectorySetpoint_<std::allocator<void> >[m[Kâ€™} has no member named â€˜[01m[Ky[m[Kâ€™
  337 |  msg.[01;31m[Ky[m[K = -y + y_init_corrdinate;
      |      [01;31m[K^[m[K
[01m[K/home/xingxunliu/ws_sensor_combined/src/px4_ros_com/src/examples/offboard/offboard_test.cpp:338:6:[m[K [01;31m[Kerror: [m[Kâ€˜[01m[Kusing TrajectorySetpoint = struct px4_msgs::msg::TrajectorySetpoint_<std::allocator<void> >[m[Kâ€™ {aka â€˜[01m[Kstruct px4_msgs::msg::TrajectorySetpoint_<std::allocator<void> >[m[Kâ€™} has no member named â€˜[01m[Kz[m[Kâ€™
  338 |  msg.[01;31m[Kz[m[K = -z + z_init_corrdinate;
      |      [01;31m[K^[m[K
make[2]: *** [CMakeFiles/offboard_test.dir/build.make:63ï¼šCMakeFiles/offboard_test.dir/src/examples/offboard/offboard_test.cpp.o] é”™è¯¯ 1
make[1]: *** [CMakeFiles/Makefile2:277ï¼šCMakeFiles/offboard_test.dir/all] é”™è¯¯ 2
make: *** [Makefile:141ï¼šall] é”™è¯¯ 2
